<?xml version="1.0" encoding="UTF-8"?>
<!-- Generated by org.testng.reporters.JUnitXMLReporter -->
<testsuite hostname="lenovo" ignored="1" name="Default test" tests="1" failures="0" timestamp="07 Dec 2018 13:08:34 GMT" time="28.753" errors="0">
  <testcase name="verify_LoginTest" time="3.413" classname="com.hms.tests.HomePageTest"/>
  <testcase name="verify_HomePageTitle" time="0.0" classname="com.hms.tests.HomePageTest">
    <ignored/>
  </testcase> <!-- verify_HomePageTitle -->
</testsuite> <!-- Default test -->
