<?xml version="1.0" encoding="UTF-8"?>
<!-- Generated by org.testng.reporters.JUnitXMLReporter -->
<testsuite hostname="lenovo" ignored="0" name="Test" tests="6" failures="0" timestamp="05 Dec 2018 08:57:17 GMT" time="37.163" errors="0">
  <testcase name="verify_HomePageTitle" time="0.048" classname="com.hms.tests.HomePageTest"/>
  <testcase name="verify_adminpage_title" time="0.028" classname="com.hms.tests.AppointmentsPageTest"/>
  <testcase name="verify_LoginTest" time="1.928" classname="com.hms.tests.HomePageTest"/>
  <testcase name="verify_doctorslink" time="0.269" classname="com.hms.tests.AppointmentsPageTest"/>
  <testcase name="verify_Patientslink" time="0.117" classname="com.hms.tests.AppointmentsPageTest"/>
  <testcase name="verify_appoinitmentslink" time="0.118" classname="com.hms.tests.AppointmentsPageTest"/>
</testsuite> <!-- Test -->
