<?xml version="1.0" encoding="UTF-8"?>
<testng-results skipped="0" failed="0" ignored="0" total="1" passed="1">
  <reporter-output>
  </reporter-output>
  <suite name="Default suite" duration-ms="13261" started-at="2018-12-11T08:58:44Z" finished-at="2018-12-11T08:58:58Z">
    <groups>
    </groups>
    <test name="Default test" duration-ms="13261" started-at="2018-12-11T08:58:44Z" finished-at="2018-12-11T08:58:58Z">
      <class name="com.hms.tests.HomePageTest">
        <test-method status="PASS" signature="setup()[pri:0, instance:com.hms.tests.HomePageTest@ebc39e]" name="setup" is-config="true" duration-ms="11179" started-at="2018-12-11T08:58:44Z" finished-at="2018-12-11T08:58:55Z">
          <reporter-output>
          </reporter-output>
        </test-method> <!-- setup -->
        <test-method status="PASS" signature="verify_LoginTest()[pri:2, instance:com.hms.tests.HomePageTest@ebc39e]" name="verify_LoginTest" duration-ms="2005" started-at="2018-12-11T08:58:55Z" finished-at="2018-12-11T08:58:57Z">
          <reporter-output>
          </reporter-output>
        </test-method> <!-- verify_LoginTest -->
        <test-method status="PASS" signature="teardown()[pri:0, instance:com.hms.tests.HomePageTest@ebc39e]" name="teardown" is-config="true" duration-ms="6" started-at="2018-12-11T08:58:58Z" finished-at="2018-12-11T08:58:58Z">
          <reporter-output>
          </reporter-output>
        </test-method> <!-- teardown -->
      </class> <!-- com.hms.tests.HomePageTest -->
    </test> <!-- Default test -->
  </suite> <!-- Default suite -->
</testng-results>
